# JRE version: Java(TM) SE Runtime Environment (8.0_161-b12) (build 1.8.0_161-b12)
# Java VM: Java HotSpot(TM) 64-Bit Server VM (25.161-b12 mixed mode windows-amd64 compressed oops)
Heap:
 PSYoungGen      total 264192K, used 5699K [0x00000000d5b80000, 0x00000000e8100000, 0x0000000100000000)
  eden space 259072K, 2% used [0x00000000d5b80000,0x00000000d6110ea0,0x00000000e5880000)
  from space 5120K, 0% used [0x00000000e7c00000,0x00000000e7c00000,0x00000000e8100000)
  to   space 19968K, 0% used [0x00000000e5a00000,0x00000000e5a00000,0x00000000e6d80000)
 ParOldGen       total 101376K, used 23045K [0x0000000081200000, 0x0000000087500000, 0x00000000d5b80000)
  object space 101376K, 22% used [0x0000000081200000,0x0000000082881518,0x0000000087500000)
 Metaspace       used 38389K, capacity 38898K, committed 39296K, reserved 1085440K
  class space    used 4984K, capacity 5134K, committed 5248K, reserved 1048576K
GC Heap History (10 events):
Event: 7.095 GC heap before
{Heap before GC invocations=9 (full 1):
 PSYoungGen      total 137216K, used 137197K [0x00000000d5b80000, 0x00000000e3500000, 0x0000000100000000)
  eden space 128000K, 100% used [0x00000000d5b80000,0x00000000dd880000,0x00000000dd880000)
  from space 9216K, 99% used [0x00000000dd880000,0x00000000de17b760,0x00000000de180000)
  to   space 11776K, 0% used [0x00000000e2980000,0x00000000e2980000,0x00000000e3500000)
 ParOldGen       total 51712K, used 10056K [0x0000000081200000, 0x0000000084480000, 0x00000000d5b80000)
  object space 51712K, 19% used [0x0000000081200000,0x0000000081bd2360,0x0000000084480000)
 Metaspace       used 28777K, capacity 29264K, committed 29696K, reserved 1075200K
  class space    used 3686K, capacity 3813K, committed 3840K, reserved 1048576K
Event: 7.105 GC heap after
Heap after GC invocations=9 (full 1):
 PSYoungGen      total 207872K, used 11761K [0x00000000d5b80000, 0x00000000e4a80000, 0x0000000100000000)
  eden space 196096K, 0% used [0x00000000d5b80000,0x00000000d5b80000,0x00000000e1b00000)
  from space 11776K, 99% used [0x00000000e2980000,0x00000000e34fc550,0x00000000e3500000)
  to   space 14848K, 0% used [0x00000000e1b00000,0x00000000e1b00000,0x00000000e2980000)
 ParOldGen       total 51712K, used 13467K [0x0000000081200000, 0x0000000084480000, 0x00000000d5b80000)
  object space 51712K, 26% used [0x0000000081200000,0x0000000081f26dc0,0x0000000084480000)
 Metaspace       used 28777K, capacity 29264K, committed 29696K, reserved 1075200K
  class space    used 3686K, capacity 3813K, committed 3840K, reserved 1048576K
}
Event: 8.192 GC heap before
{Heap before GC invocations=10 (full 1):
 PSYoungGen      total 207872K, used 184908K [0x00000000d5b80000, 0x00000000e4a80000, 0x0000000100000000)
  eden space 196096K, 88% used [0x00000000d5b80000,0x00000000e0496c90,0x00000000e1b00000)
  from space 11776K, 99% used [0x00000000e2980000,0x00000000e34fc550,0x00000000e3500000)
  to   space 14848K, 0% used [0x00000000e1b00000,0x00000000e1b00000,0x00000000e2980000)
 ParOldGen       total 51712K, used 13467K [0x0000000081200000, 0x0000000084480000, 0x00000000d5b80000)
  object space 51712K, 26% used [0x0000000081200000,0x0000000081f26dc0,0x0000000084480000)
 Metaspace       used 34687K, capacity 35140K, committed 35416K, reserved 1081344K
  class space    used 4480K, capacity 4603K, committed 4608K, reserved 1048576K
Event: 8.205 GC heap after
Heap after GC invocations=10 (full 1):
 PSYoungGen      total 210944K, used 14835K [0x00000000d5b80000, 0x00000000e8f80000, 0x0000000100000000)
  eden space 196096K, 0% used [0x00000000d5b80000,0x00000000d5b80000,0x00000000e1b00000)
  from space 14848K, 99% used [0x00000000e1b00000,0x00000000e297ce20,0x00000000e2980000)
  to   space 19968K, 0% used [0x00000000e7c00000,0x00000000e7c00000,0x00000000e8f80000)
 ParOldGen       total 51712K, used 20809K [0x0000000081200000, 0x0000000084480000, 0x00000000d5b80000)
  object space 51712K, 40% used [0x0000000081200000,0x0000000082652530,0x0000000084480000)
 Metaspace       used 34687K, capacity 35140K, committed 35416K, reserved 1081344K
  class space    used 4480K, capacity 4603K, committed 4608K, reserved 1048576K
}
Event: 8.205 GC heap before
{Heap before GC invocations=11 (full 2):
 PSYoungGen      total 210944K, used 14835K [0x00000000d5b80000, 0x00000000e8f80000, 0x0000000100000000)
  eden space 196096K, 0% used [0x00000000d5b80000,0x00000000d5b80000,0x00000000e1b00000)
  from space 14848K, 99% used [0x00000000e1b00000,0x00000000e297ce20,0x00000000e2980000)
  to   space 19968K, 0% used [0x00000000e7c00000,0x00000000e7c00000,0x00000000e8f80000)
 ParOldGen       total 51712K, used 20809K [0x0000000081200000, 0x0000000084480000, 0x00000000d5b80000)
  object space 51712K, 40% used [0x0000000081200000,0x0000000082652530,0x0000000084480000)
 Metaspace       used 34687K, capacity 35140K, committed 35416K, reserved 1081344K
  class space    used 4480K, capacity 4603K, committed 4608K, reserved 1048576K
Event: 8.265 GC heap after
Heap after GC invocations=11 (full 2):
 PSYoungGen      total 210944K, used 0K [0x00000000d5b80000, 0x00000000e8f80000, 0x0000000100000000)
  eden space 196096K, 0% used [0x00000000d5b80000,0x00000000d5b80000,0x00000000e1b00000)
  from space 14848K, 0% used [0x00000000e1b00000,0x00000000e1b00000,0x00000000e2980000)
  to   space 19968K, 0% used [0x00000000e7c00000,0x00000000e7c00000,0x00000000e8f80000)
 ParOldGen       total 92160K, used 28305K [0x0000000081200000, 0x0000000086c00000, 0x00000000d5b80000)
  object space 92160K, 30% used [0x0000000081200000,0x0000000082da4428,0x0000000086c00000)
 Metaspace       used 34687K, capacity 35140K, committed 35416K, reserved 1081344K
  class space    used 4480K, capacity 4603K, committed 4608K, reserved 1048576K
}
Event: 38.841 GC heap before
{Heap before GC invocations=12 (full 2):
 PSYoungGen      total 210944K, used 80136K [0x00000000d5b80000, 0x00000000e8f80000, 0x0000000100000000)
  eden space 196096K, 40% used [0x00000000d5b80000,0x00000000da9c21e0,0x00000000e1b00000)
  from space 14848K, 0% used [0x00000000e1b00000,0x00000000e1b00000,0x00000000e2980000)
  to   space 19968K, 0% used [0x00000000e7c00000,0x00000000e7c00000,0x00000000e8f80000)
 ParOldGen       total 92160K, used 28305K [0x0000000081200000, 0x0000000086c00000, 0x00000000d5b80000)
  object space 92160K, 30% used [0x0000000081200000,0x0000000082da4428,0x0000000086c00000)
 Metaspace       used 38156K, capacity 38642K, committed 39040K, reserved 1087488K
  class space    used 4962K, capacity 5134K, committed 5248K, reserved 1048576K
Event: 38.845 GC heap after
Heap after GC invocations=12 (full 2):
 PSYoungGen      total 264192K, used 4824K [0x00000000d5b80000, 0x00000000e8100000, 0x0000000100000000)
  eden space 259072K, 0% used [0x00000000d5b80000,0x00000000d5b80000,0x00000000e5880000)
  from space 5120K, 94% used [0x00000000e7c00000,0x00000000e80b6040,0x00000000e8100000)
  to   space 19968K, 0% used [0x00000000e5a00000,0x00000000e5a00000,0x00000000e6d80000)
 ParOldGen       total 92160K, used 28313K [0x0000000081200000, 0x0000000086c00000, 0x00000000d5b80000)
  object space 92160K, 30% used [0x0000000081200000,0x0000000082da6428,0x0000000086c00000)
 Metaspace       used 38156K, capacity 38642K, committed 39040K, reserved 1087488K
  class space    used 4962K, capacity 5134K, committed 5248K, reserved 1048576K
}
Event: 38.845 GC heap before
{Heap before GC invocations=13 (full 3):
 PSYoungGen      total 264192K, used 4824K [0x00000000d5b80000, 0x00000000e8100000, 0x0000000100000000)
  eden space 259072K, 0% used [0x00000000d5b80000,0x00000000d5b80000,0x00000000e5880000)
  from space 5120K, 94% used [0x00000000e7c00000,0x00000000e80b6040,0x00000000e8100000)
  to   space 19968K, 0% used [0x00000000e5a00000,0x00000000e5a00000,0x00000000e6d80000)
 ParOldGen       total 92160K, used 28313K [0x0000000081200000, 0x0000000086c00000, 0x00000000d5b80000)
  object space 92160K, 30% used [0x0000000081200000,0x0000000082da6428,0x0000000086c00000)
 Metaspace       used 38156K, capacity 38642K, committed 39040K, reserved 1087488K
  class space    used 4962K, capacity 5134K, committed 5248K, reserved 1048576K
Event: 38.921 GC heap after
Heap after GC invocations=13 (full 3):
 PSYoungGen      total 264192K, used 0K [0x00000000d5b80000, 0x00000000e8100000, 0x0000000100000000)
  eden space 259072K, 0% used [0x00000000d5b80000,0x00000000d5b80000,0x00000000e5880000)
  from space 5120K, 0% used [0x00000000e7c00000,0x00000000e7c00000,0x00000000e8100000)
  to   space 19968K, 0% used [0x00000000e5a00000,0x00000000e5a00000,0x00000000e6d80000)
 ParOldGen       total 101376K, used 23045K [0x0000000081200000, 0x0000000087500000, 0x00000000d5b80000)
  object space 101376K, 22% used [0x0000000081200000,0x0000000082881518,0x0000000087500000)
 Metaspace       used 38156K, capacity 38642K, committed 39040K, reserved 1085440K
  class space    used 4962K, capacity 5134K, committed 5248K, reserved 1048576K
}

